pubKey: 026E342D4365CF9A8E3DF088358B4FFB566BB366D0B4D04EA5
shareKey: B301562BBDC14207E4A234A7F8991D7C
pubKey: 02446540DFB4592726F6BC03F409E911CD18DBC488A395F12A
shareKey: 9AB981FB63CD2C370697DFAA928924C0
pubKey: 02935B5245B860C92231806339F724633622662456F81059B1
shareKey: CBC8F774167AB906EF19757426649615
pubKey: 03D09A11A951BF386467DD458DE1AA08A3DEFE6A689F4047C5
shareKey: D324B8C1DC05AF95D8DD29A6A00C5746
pubKey: 03EFCA38013B27EFC4698877DA65EB342282AECCB2C18B3656
shareKey: 531447D108759C9DDD8419BF356EE190
pubKey: 03C4D52B36E7F12E7B52E3F18030FCD8CFFDA24BDD49108C24
shareKey: 7EF18AD02A7E08D7552B54F0A1CAB854
pubKey: 035EB4D273AC31C5C34F335B5503678EF75C480D28A773F117
shareKey: EB15FF65D78D88698D9E0C2F95F3E341
pubKey: 02B5E7A7F42DFE66CF7BE70E6D0666A14136FB32CA17E9D75C
shareKey: 8F80B215F8D133FCB7E2EF8D1215D72C
pubKey: 03BC21DD33608B7A8241BEA5EB7FF6CB596841975E0A48BE94
shareKey: 06B00CD3A4D131444D1BAD2875CBA7E8
pubKey: 02E093BF367B70FF94067732C8A3EBCBB8FA78154F8395F5C1
shareKey: 4AE098DB9782262178BF1D0E6013FB13
pubKey: 03778D044334A4F62D83B25525B3C7448370A993033375C906
shareKey: 060022DD7E98B7A605AEF09FF28FB54B
pubKey: 0327F8820231E30AC087CBEF923FDAB221D5C2C2965C1F48F3
shareKey: B4FA8265F488A9580E51E45FCAA1B504
pubKey: 0286522A9321C554E9F6505C28D5D8937DEC9F13E4AA2BE9FA
shareKey: DA2811856AB4F4661A6EBED2E308CB15
pubKey: 031808DBF32BC04E2AF3C1BFA5A8B7043F7870B58E440E5830
shareKey: 9BDB3E53FA2A953DDC18E36AAFF02188
pubKey: 03E96EC2B3E52F26D8139F3B9B191432B6C01C0521F393AF98
shareKey: 69CC5FB87FADD79C8CE8B3CE1DE6E27E
pubKey: 038DD887461EE27D76C0EC49B3FA9F1B54D23AABD8D7DF8CF5
shareKey: B6141F076E48F658F61356F79B1C728A
pubKey: 036E847DDDCC879D1E17FBA67ED429440EE81C4B9E5AEA1FF7
shareKey: F13669CF54CB2BF16AE25A8BFA48B617
pubKey: 0373461388C74F0E4981C39ACD321F330CEE4213C092F2FB46
shareKey: A6E5DBDED0C8C107DA3A99D1D156BBF8
pubKey: 03C9F5EBD1EFA481FE517F470663010EAE56096F8F5DA9BAA7
shareKey: FBAE6D98AFAB9CEDAF95265D645454A2
pubKey: 02122958E321F20F172CFC5639CDECB96C0B219C794C31EEC0
shareKey: 5D5C6DEFA79542C33EE3182605E8BDD4
pubKey: 031237BF1BC8DAC11D9E35467EC4525EF7A758710FE2176F1F
shareKey: A4A80FEB2E1B8B8D0158EF472C6C0FBE
pubKey: 02546453AC9B615AB9B53DEC3388B36BDC52DD60FF24DED25D
shareKey: 815BBEA6999405DB507659B55B80FC98
pubKey: 033A867016A13C45F45B33F40C4076B84F13DE1BD26A2A0C0A
shareKey: 3BD540080BDB8690A71077E23AE1BC2A
pubKey: 03F7D00F9C375420255D2752618C61C461D4ADBEB313A5A186
shareKey: 94EBAC0DB07F72FCE39E07C95818443C
pubKey: 02832373E5BF546D1C45ACDEA0BD0AF758195CB97A74036187
shareKey: 231061F424193A03BAD6F3620676A916
pubKey: 023F885CC51FD374524DD1A26F3BAEC6E0816F768386134020
shareKey: F37B7C9B70504A2D2908E95BD4410D31
pubKey: 02BDBE429C5BF300B5E56E29602250D11BCDD44F2E86734BBA
shareKey: 04D61BB4AEF031ECEF64ABB4B48EA595
pubKey: 031A36E1C8FB017C7D1F1B136F2697597F49A0C20EC74AEBF4
shareKey: 0D63E7475B73C4B3EEA8F00EAA0783CA
pubKey: 02818B30B761E23916A45170ADBF8E00BEBAD449EC291C05A0
shareKey: AB73280A8DA5946AC6B29ED021C8654E
pubKey: 03DB3A5A7C83EE5168A050813F45035D3D074BA0467A095676
shareKey: 90BF87A31C40698AB1612A4A0ECB8F7C
pubKey: 031E75B0E8D473C616170A593528701C75428BE9F01935D365
shareKey: 12A92D0BA5F84694870345F59F89EF25
pubKey: 0261F537693C252A03C5DC2C4EDBAF81B25D7ECFC6E3C7CF15
shareKey: D7E252E7D0BF47F81438E86251898919
pubKey: 02DE1808FA0F90F9476EDDF5689D75CB9E2A72021E5F596B00
shareKey: B8F3CA92CC816C7E58859ACA538FF109
pubKey: 0289F89875BFCA143524803000DC35965953F6C0908E199E6D
shareKey: 00FC2E0C43579E68EB86A0113F489F53
pubKey: 029D504C68F09723C146EBF45D2DCA3709A5D6A54754864785
shareKey: E167A116A8CE54261DD720D398BAC211
pubKey: 02DE041072962721FA6A673389C22E21500DEE987DAFBFB939
shareKey: C3E26A1FFC490453ACA68C388C62F061
pubKey: 026B982400D2D9CE37B25DCF13A8A76FC0802EE5C985DA931F
shareKey: 82A9ED7408D1B80D6C443F45F2D24F23
pubKey: 02B763293DCA0177F1292A6914DCCC8534EB57748A59C5C01B
shareKey: 91479CCFBFDF71AF9D9A2AE889803CB0
pubKey: 0242282FDDAA543E9657FAF0902CCC2A0CE22FE5BFA2769966
shareKey: F2742DEA1F6625D22279EC7BCD6CC1FB
pubKey: 02FBE0E118E7C4BB0C592DBEEBD46EE5B171CDB2FD5CBCD3B6
shareKey: 24633C181D0A044455357D51945C167D
pubKey: 02750F3DFE9E4C76EF4F3FB93D787752A2C71B1BB26B7DC7FD
shareKey: 8B3529168A85E08476E99C7AD81184C9
pubKey: 03773E035A42927FB60302AEEFBBF3C38F1688E493E71E8D55
shareKey: 51786028574BFAE417FE2E917DB9D2FC
pubKey: 03033B6AA18C43E35115F0D3A9C96BC39C4BFD62E7F06EEEFD
shareKey: 2806293FB061116620F0BA98596261FE
pubKey: 02FFDA46FDBBB4329354F6F605D3BD3B9318ADC6931970789D
shareKey: A4EA7D3FE05E64DECD590AA28C102F8D
pubKey: 03BFCA38C22DE388B36A0738E36439D6F462B54D3B70BD413F
shareKey: 598CDD368DBCBB9576D93FDED7408881
pubKey: 02627AB98F38E10E728EFEDD7F4F341A8EB254425DED404B49
shareKey: 1428A8C32E83938282E78020C12E72F3
pubKey: 02D1AE4C52B2AC8BE4CAFDFB5CACCA5681B26733F91FAE2986
shareKey: 08C1A214C4E76086152128B59784D1AA
pubKey: 030A2C6D2EA4834F561E46DE8C51336FB4AE0A20DC4F575085
shareKey: 555A19A46024ACFB08F38A92F54F04B4
pubKey: 036001B8B461A831C248B5B15A90E1F02117DFF5BC8CDD74DF
shareKey: BF72203FF0538ABB1E785EF7670D107F
pubKey: 035D07937FA602FC77E79A79CF0150D0F01AE76F14C814B9BE
shareKey: E7D985A2DECF40C1FB181AED896801C1
pubKey: 02945DE850E28C1F2B596A55BDB008B7BC4B389987BE9F7FE8
shareKey: 2759D301415416F4D0584742E67A66F9
pubKey: 02D6B3A1D7B28DD9999D6540C7A094C766094E61CD6C3F800B
shareKey: 846A45D92DEBC851C0403577595874A7
pubKey: 021294039FE3C0CE47D3C2F82A88EFE91A15C21BDAD46BB831
shareKey: 791A62A9788D19E783CD3D8169229D73
pubKey: 027B613B476034427FB93B57323AF63D840BD96EDFA57E5123
shareKey: E631E319968065F7CDAFFA3E003A321E
pubKey: 036926289E74C6A7AB8B178F25B3FA8CAFA49BA33705EA5403
shareKey: EFBADDE297AA43F51D7909BAF5E36B4B
pubKey: 02DC297EC5A554E74CFF8428A84D6D80FF202CD0895E253504
shareKey: 33D1940E0C240D9AA4DC1DCE170BDDC0
pubKey: 0236F8958D400AEEE4378C96C636F9A2A1EADA722E97663ED7
shareKey: D5E8568021D4C673FDDC6B2E07556D5D
pubKey: 0357884BA0FE03E3884EF3C57968C64E390E58ABC591F231A4
shareKey: F821D9FFA0CA1BB5B08345359DCD2E08
pubKey: 02485C5EAB01F95E5298B92AE5B00D8E0BB0DD2DEC1246F390
shareKey: 039E5AC955D78D6191C69B981E8FBFCB
pubKey: 020BA10E46EEA305613C02E3D9A283B4BB27FFE766733785C9
shareKey: DA2A793DA25CD401B672A13FA8EF1027
pubKey: 02776C1BB78955F399F38AABEC4229D74A6165A23450945236
shareKey: FEB3C23A60936E3F8FBEAF5DD26F1B91
pubKey: 039D36F3D684A824F6A578DE0561BD45C116F60A1AFD46471E
shareKey: F93192749CD61B582230B181D5B58EC7
pubKey: 02B3EAE23042BD86015E090E39675095ADE69BC3265C9A8C55
shareKey: 286A1CCCB04279D054DB9571BADBDA95
pubKey: 038E8AC9EAF8D4B7FEA049AA7B4275D9093447439FDD8E1C7E
shareKey: 4A2B4E73217F5B8D22D50B5F0D9E1215
pubKey: 030C159B4F419331655B16490B61872B9612F9237726541A4B
shareKey: E12D1E27F0E5A7EA80BE438959319C1D
pubKey: 038766057A5D3392349D95B508AD8A34FC67ECE31DA02DB232
shareKey: B32F34CDCA160C2CC515B005782F4F94
pubKey: 02407CBBE566F093FE3E09D0FBFC10E5D0FEE0341534AFEC12
shareKey: 3D5ED662CBA0EB0F3456F93AFC3A0BAA
pubKey: 03D0426FFA6FCF6DE2AB046C739067846A5675C56F99BFE5C4
shareKey: 884F2E05C5E3B35419BECC1D6C395D3D
pubKey: 0309961B7E44C0DC42E7C813F1E262F5203E3D0EBC6A47961B
shareKey: 4F1B244C7719F1F928FB0361173EC6AD
pubKey: 02D7D73DFFD1B889E8E842815194AB2AC348F5621CAC1FEF40
shareKey: C9D10A873EC4962F7530C60B96B8241A
pubKey: 0318990DC211B6705BBFCB473D4FE160CC4517D2B71BA1920E
shareKey: CAAB47B80EA87E33FAA6095382627940
pubKey: 031C7ADA4CE43252CACE877201910161AB5B62D0C6B7CA7279
shareKey: 54045F0F47DBE8EA1C6B1820F2DDC78F
pubKey: 03252670DC270F33DDB68AA6C194BBF7CC253E4D36EFAE0008
shareKey: 20B4DD9041E056BEDDCB72A66ABD7E77
pubKey: 02FACB0424806BE650321F25959363596388BBE3A89018990C
shareKey: 86BC7187AFC9FCCEFAE24E86E6C04CFF
pubKey: 03806AF5FED3DB921B894DC4F472E53021F758FFC709AEA162
shareKey: 838910B96C5578B330518E400A3122AC
pubKey: 03B651C39219701F882E2BDBE20B852797552E3A66547D4802
shareKey: 64DBFF574A361EB6361BA98CEAD8D217
pubKey: 022FF07FEDE3BDC7F14FB86D6414086A29C8680302C1FFCB13
shareKey: 4F0DEC021D9F1FC929380CE89CE91E80
pubKey: 03916F379EAFB46AE149E880A51FA8AE86D4AD46B171C7C06A
shareKey: 1069864BBE772A25E6224F5E91DEB0EF
pubKey: 027E2A6F31677BD47266F51E67368CA9C5B6AB9CCCBDDA2565
shareKey: 506EBBC4DA41A118852A02063DD7E850
pubKey: 036E3EDD079548F1D3508C53F7F5B6A85C76B94C9681F44B50
shareKey: 8263F790260879B89C76E2C9E3ACC6C8
pubKey: 0333AD69C4C8A3E770DEE24B2700AF8BCDA1E9DEA92325B790
shareKey: 7D4047051C83C1CB04145F8283EA68F3
pubKey: 028EBDF7D3665D32FF3BDE45274D7150A2011025F77BF29868
shareKey: D415088CFAF751BE56F39320EB9A03BD
pubKey: 03212E97B77BE304DAF1ACDC1D7DB1D220AC7C82F690361854
shareKey: 5E18D8831E567AABCDBB9FE44DFC6A5A
pubKey: 0395796440CD7C817E25380DBA2F42A19FEAE8250C7A3FD2E4
shareKey: 46E66DFBA01752EAFC1B5C43584C1098
pubKey: 0389EFE3C12424F5CFEE36AE31BBC67A205E900794CA063F62
shareKey: 83EEC2A12FC3B3901674D62DD1B403B5
pubKey: 03C2B8FAA9975FC9FF4B25E183A263923F2DC732EC8A932EE9
shareKey: C8BD7BD8046D3E65DB89CB89BDF40757
pubKey: 024DA59432858DDA69F4398047A3EF9DB3ECE76CF41CAA9C66
shareKey: 4A14F6502BDA9F2DBB080DA47B4F3C0D
pubKey: 032CDD073B26EE331C2491953979898B7B1BC152048187BC38
shareKey: 081D5CA76AF5902CB4FE3E4608B2413F
pubKey: 03F00E185E6648E2682E59585AD9A347BFA0C1A1369514D6F2
shareKey: 4562C87D5EEBF335B4C85405600941B7
pubKey: 0244752AC5C6FE2AA6E7E5FD2F317537528CAD5DB00CECFDAB
shareKey: 38B4FA71C37C7A3892DCCC7804BE806B
pubKey: 02FC9BED7371FC1B28DDF3B18AFCAB8BDCC3A90A1DE9F58857
shareKey: 4CADB4999FBD827E9EAA6BD31FC49F73
pubKey: 039319B4F75B30D37A93BAECB14EF826780152ED0C6291B9B2
shareKey: CDBA58F478CCBA40BC1FBAD30C8F077A
pubKey: 03E11698C3964462FDEC0FC5D6219B277BE98E0539720A0A54
shareKey: 87CAB25ED6D06CF10EE506E9A28FC436
pubKey: 035AE1BE97A51E43F63CFDDDF089D0458E349F67CD751D20A9
shareKey: 65CCA5CE5DAF47A7EB81CC19FC5154FC
pubKey: 02C302F6836C92EA723E2907B0C30E66DA16B641F00AAFFBF8
shareKey: DFF8683B5FBEB96C1AC6C1BA3E517EDE
pubKey: 031C0806A6EC7C3CFB7F9DACA0DC537F10F44CA1CD78BDCE03
shareKey: 352B7B606F44911D710A7A274861AA24
pubKey: 03961639FCE4C4D045736C0A87D7912A259AE2EADF5398FE1C
shareKey: A97A78A4FDBF5263D1D64E258A48A9F4
pubKey: 0213DCFDF1A70570C0F8E7FD4F1D0A704FE3046D38DCA24F1D
shareKey: 38E274EEC09A5E86EFAB383CC5B3F34D
pubKey: 02532A27DF6A288D0DF55A14A9884F7426445D09D18F138A0D
shareKey: 8DE7E4DD52373847D8E6CC4E8D8DA14A
pubKey: 03170FAFAB482EB9CE2E7774683310FB6D8DE9B88F3E89C046
shareKey: 34486D58071AA7AA8CFE1C5666014319
pubKey: 03D66AAE57FB978BD744BF79F7B3222E9E59DEC3BF32D46AF9
shareKey: 24280EE0C48F1DB4A130912DB4F44D6D
pubKey: 0375FD954A5D167DCCA115FC30CC44D0EA45E3C62EC9B79E2E
shareKey: 32D79157DB254477A8110EE405CC287A
pubKey: 021ABCBBEC5C96827D9E58A2A549D0983C7837ECC277E284A4
shareKey: 87BF4EDCAF7342F0B7474C49E3EA88B1
pubKey: 034884492935FE8EC88460BEBC33E7879C34E11E08C9F05136
shareKey: 2E6648CD1D16677A734535E1484C72E6
pubKey: 026FE2B0C76E8C16E2F08510BFF5F8D618B6B5D875DE761BA3
shareKey: 87658A2927BBDB66CE52BCA14D11BAFC
pubKey: 02E705454CC94855612BAEF1BFF390A2D6CB9F1FE6A192EFEC
shareKey: D3F9CFDB25374752FE961CEAEB696958
pubKey: 02BCF6CAE00E9F3B9DDDF2C797F7FA55C67729B22303926243
shareKey: 3F3707223955DA0C9BF95804B5F3F2F3
pubKey: 03B2292E016170AE9F11BA8EF4ECC649CA980A8FA66CEC426E
shareKey: 8283F8D56E61F734255FEA3089494C8F
pubKey: 03ED58BBBDCE6BA12A95E23E1CF9F7987917008B0C7C4493BC
shareKey: 9A1BDA11D3BEA2DEDC58C487B3D174BA
pubKey: 0240413D7D5CA36CF8853EB7BA7BEFE90468B2F04BDDFF62F0
shareKey: 8FDB4F1B2A5A0CEC226097B33B2D0A22
pubKey: 03BD56086242054EBAADE727F81CD9A9D76011DD33CB7FCD98
shareKey: A18FBCF90867D3FD9E32B06CE3D5E8C6
pubKey: 031987BFF9D37F8F779416AFB21CF1BABEF9B1392E83EC52C9
shareKey: 97BD9917D4831EBD381493C99C7A731A
pubKey: 0324ABEC2E7C7A94706E6D45242EE0F82EA03C7A9EF02EA839
shareKey: A822F7C33A3EE16536F5309674E1F75A
pubKey: 036C7CCA747B41EC477381E6B076B3411256956E85EFDB4A39
shareKey: 18476B129E5454CC32134C56DB042551
pubKey: 035DCCA2F5D317638721BCF9A7B7293609C51ABA43687437D5
shareKey: B55BB50E61F5160DCD612F1766813DAA
pubKey: 02C731A5B53FE73360474F75DCE39C8F2B9FD5A3D51A352EA6
shareKey: 579C2169A0A34E1162C6E6DB66C2D45D
pubKey: 038595D136B9F11336BC851432D4A5672BD2C4BAF444F48759
shareKey: 886CC3A8882597579FAF64C7E380EB68
pubKey: 0296B1B00ED5B990EF336899B90CDE874B9349503CB3866A55
shareKey: 6ABD3AEF412C173010B1A7E8CF9DBCED
pubKey: 03F3DCD63059EDD54ABFE0BC12E1964D1A7C76891D6D192605
shareKey: CA3EDB17DB1C4FBC172363015B362F7C
pubKey: 03E9BA5719B9FA13D3265A24624EAFE2087071EAF5A7AA8937
shareKey: A26CE128ACDA0C656AB12F1CBF89B53F
pubKey: 022B9238D178E2C3E759FF8E3BD8B51B98047CC1B518E92943
shareKey: 24CB0E966B0761A0763867863E7F2A14
pubKey: 03F2BA5E73A313FE56B3A1AF52F37EFA73017EDED74D7FFD90
shareKey: 5436BA8D1C0792BD293FF00C52C69779
pubKey: 025D258AE8BA6C2F65760FFABEBDEC6C9A943360B40C6EF8BE
shareKey: E1BFD26CB80323968F8A14436D6493EE
pubKey: 026D692D912D1AA5F0C08CE8D875AA9947021DF4CC872A9AD6
shareKey: 50EF210D781ABA134F0E2936732794FA
pubKey: 02C03DEA189D5C508BF60768F9BF0E88FDF4AE05D4BD436B91
shareKey: 7D1B2DD6B46F2E539ADAF3E58F22FED2
pubKey: 0359847989234FCD901ADD38BCE20CC86AE5356C01DCEC15D7
shareKey: A6655AA074AB3B574CAB367CB801FFAD
pubKey: 036429B562DB5B5630920D6F8A896C2185D1D5025A07965C68
shareKey: 4AB284ADDA8CCB76D37B329F14193F25
pubKey: 0320CB2D1E21669D5CD166B0D36AD82474435B12BD773F5EFA
shareKey: 478205EA9C1A30DD4B397380E5457A9E
pubKey: 03A0D31E69C0DE2C52137D509F74FE04702DA06C6C8A4CAD80
shareKey: 4C48F6EFCE98561C229DE92A5453D11A
pubKey: 02FC90CB41B1597CFABD3D03AF1129EE64716BF917942997F7
shareKey: D0FC0D7A84057BFD3CAB4DC8093283A7
pubKey: 023F62982D691ACBD1686BAFE40E1261F7E534AFA4A8E2D88A
shareKey: 42BEDF0B38FAB11FBCC868D2AA699E46
pubKey: 023777A8A4C1AFCC85F006D454A1059FE7F37A092CBA625E4F
shareKey: 284DC0967E66E08177C56DBADBDC3952
pubKey: 03E53C0173138794E75402A11156B77F642B839B7A7DE58412
shareKey: 7A00020FEB3C536B9293595070ACE6F5
pubKey: 033F0CD6B51738F0A8842ED764F2A6A989D58333E828977107
shareKey: 3C05D69F5ACABCFC3E0511FD42A079A9
pubKey: 027CBC7BDE48BAC0DF0AB5BCB11034078F9D4B8927CD544913
shareKey: 043F1494A4C14E242C82DEAFB2412B47
pubKey: 0224BA0A685D33C2689DE43C8A716DF76E90754889DF78405B
shareKey: AA0F2A1DD953A0AB7ED2D2B2DF976850
pubKey: 03E2CFB4AD2BCC8AD0C99DAB30F07B534FA30268E02EDF3FAE
shareKey: 83FF6108167F1E5F49DE672B7D3AA408
pubKey: 037A2A8F7594A9ADA05EC30F6D5B69B5E670BD2EFE81545579
shareKey: 38D0EDB09BC2EC29C9292FF527C68AC3
pubKey: 0272272CDF942058EBCDDE6F8C4B3FD9C8BBBC2B299AD06F9D
shareKey: F69E4FBD8AFF258FBEAFB426EE521C7A
pubKey: 02CB6578101C51B9DDAA7548C2C008468F77518F9B85529BD4
shareKey: 344C37665D4E0DF56E74466256881E8C
pubKey: 026DCE0534A57E78272992B10B70653EDE0B4D195EF4DA2BF5
shareKey: F2DAA821F723605FDCEDBAA6670CD0FD
pubKey: 0251D1614898B4C1270F7564FA2798A274685FBE7CFB498843
shareKey: 1BBD4F5DD8D52244441D830127CD1C87
pubKey: 02CE991F19ECDCC91417F232A2B53B689C31A1EAA8B7BE44D7
shareKey: 76AF99A6CB68365D12FFE4E2EDC7EF5F
pubKey: 02718195F36A354CAC894B704787C5852C847346E5C09F6F2D
shareKey: 3152A69CABA164C66A2D23884B393DCD
pubKey: 030097A0278F521DF4266E545056BEF166BBBBB4BB210A45ED
shareKey: 9D3FCA0EFAF85FCFC46ABC38404D4805
pubKey: 03C67C2FD9B6F92D75193E68B247E1AA86425256B9933AAECB
shareKey: 84806A50F58D5DA6629F8617D03425C9
pubKey: 03A1EE560719D4871A20D90897AECBCB02DF0CB8DC9EAFDF00
shareKey: 78CB72F38D6DB0172B9E054833B923FA
pubKey: 03E877722AA7DEAC6C1A5EB7DDB089708D2930CE5265DF1D6D
shareKey: 28D6FAB5C588E83211884FCC78994796
pubKey: 028793094380A6E6E272EEBF7F969256EDAB73C792A552DFC5
shareKey: BA502A46AECEA03575CF21F00130F552
pubKey: 039609F505C7E219B3F69AFD6A7D4458BC8AAF6C071DD80C1F
shareKey: 23D3D220E9ACD689396C1900E7F092DB
pubKey: 021FC050DA59C13505DF5C400F3809E76A9DE7F4560C6A9B62
shareKey: 888794068C9B51765F30D8E8FB038F91
pubKey: 03880D544F89AC882E92EF07D7B7130D42659FCDD8B5C5DE6A
shareKey: 8FECE95E2D8C7FE59E629C6128EE974B
pubKey: 0394CFC3336E8E4E30DD60605A2CE097759F0B38CEDB3B43EC
shareKey: 7236047596899C3B812428F677731E5B
pubKey: 0399156D401E888E0B5299DC82708B2C3925D8FB59BC28926D
shareKey: E95CB309E1BA4795A44AD2DC3F38BD90
pubKey: 03D015D2F96BDF15948F406F49D354BB285CF5887ACD4A3A6A
shareKey: 2215AA6089394CA95E11D2D7DC775445
pubKey: 031288182E48BA8508074A178D925B2CD2EED6803863BE47A9
shareKey: DE4DC635BD2D9B5696927D32536E1315
pubKey: 03EA8ACAB70A08F2059644463474CA6A844C29B7974A69FC91
shareKey: 81A9264963020A51036993F8B1F8242A
pubKey: 02A4C428389774E97A3B9C0D37C74D60B2F5FCB7B0FEC7EBD8
shareKey: E16D51150279A1E9957B9601F8527156
pubKey: 028416FE222C2FFDA848B2D7FFCC8D6D60888261B1714B01A2
shareKey: 421214A9F2B30F55EB030407F7960109
pubKey: 033D9B6AFC87D67F3DE42AFD832467C8DF3B43C82128B1C9E1
shareKey: 6EB8F2F6771446E5903444CA34957AE9
pubKey: 0258C5CCB70B3609FEE2A439971A13563FD311F97D8FF11EA3
shareKey: FCA944406B907A521549E4CB32318459
pubKey: 03CCC4F4DA998409B2413C8BD2C88E86E3E3CBC0A8B0793C9F
shareKey: 478FFEC60E6E4E45648BC72431511470
pubKey: 0304DC57FBC13071120A68A861F20AAFB8F7755656BB5F278F
shareKey: 123FCE0198762D184D87A479E2BFB1DD
pubKey: 0218F31D62A4B240D64D3371D14541DFCA6D53D215A3E32EC7
shareKey: 988BEC82CC661435BB6A52A128A2E9D0
pubKey: 0326F784A4638457207D1EF0ED497AAEA4B2E45C8AF2B3959F
shareKey: 935F58F875C5CB7720895958C73C1112
pubKey: 03F203DD9F9A96FADEDBCB8F374566DF8E086350BFE3C3F1E7
shareKey: C6E52355D592D40B6E172704C70EF063
pubKey: 03086F2262FDAD88E228D543EB45EC048942A0D8738D530896
shareKey: BB53A5BC5CE9FA5AB7FEC7237544A20F
pubKey: 0395DC839FAFACD87B7BD152133DDD89232C07A3F9BE8A3EE0
shareKey: 5A153CC2DE79CA1D8B08EE1917723AC6
pubKey: 02FB74F965B7ED87E3C9ADAB74D5AF7284F2382664F88A549C
shareKey: 0A0BE15B8F4AC01868555102EC00F719
pubKey: 038A77442372244AFB2AD831CA832FB2D1FE3712431C2483EE
shareKey: 1869F160CFE9B924360D9CFAABEDD70E
pubKey: 03BBE090B77034B39024F6F59D66765652DFC00C1BE757328A
shareKey: BDA4DD071B5E95ACAC0BADD50779627B
pubKey: 02EA01D8A0A9BB66F710E167B6D62A58955271FA3CE39DC79F
shareKey: 898CAFB47E05F131284B0DE7E90C12FE
pubKey: 022670AB2EF1A449794AD7F92C79978BB43CAF41803BD747DE
shareKey: 82A4AD5E5EBF948D8C675ACBA00E3AD4
pubKey: 0205B3B4A46402A6E0809E5269E72111DB9DF8855F77B0109E
shareKey: 2F0F6D8860B2C834943B09BEFC06B0F4
pubKey: 034F31D021D847F383556483D4DD4C64FBC8451C21AAA98A76
shareKey: F641AB9F6F463BF8A65D8D1D97AD8C0F
pubKey: 0338215E841033ABE7D384FE00535D9CF452F496E29EF985DC
shareKey: F19CE4E4098A8FD0FA4E4FE6CD92F356
pubKey: 02587C4467A005D25538E5BB3268C56D6811E85631716F11D3
shareKey: 460A7040D18D4D08F38AF91D22F2A890
pubKey: 021BE0CB13D2A4670A896AD9D1110E9F559AEA175D8A12B245
shareKey: 853E5F2C5FE7F14CCD9D237DB52FC731
pubKey: 031CAB2BAE39C4FB6D2738F49DA66F6D5C9E91EF0017031D5A
shareKey: F780C2C506A904E5C9F9512AD3D9B60B
pubKey: 02ED822773FCC9140D386B92364ECDC85735B658740BA33D3B
shareKey: 1E0FE0F5C6326F9D169133576A5C5314
pubKey: 03CE8202BAA167D89EE75F0EDE4E464BBB5940685DC5EA6CEA
shareKey: 70E5320ED509B6112596660DE2C1C526